<?xml version="1.0" encoding="UTF-8"?>
<!-- Generated by org.testng.reporters.JUnitReportReporter -->
<testsuite hostname="LAPTOP-4PCOUT3C" failures="0" tests="4" name="day1.HTTPRequest" time="5.172" errors="0" timestamp="2024-04-14T14:37:05 CEST" skipped="0">
  <testcase classname="day1.HTTPRequest" name="getUsers" time="3.822"/>
  <system-out/>
  <testcase classname="day1.HTTPRequest" name="createUser" time="0.841"/>
  <system-out/>
  <testcase classname="day1.HTTPRequest" name="updateUser" time="0.277"/>
  <system-out/>
  <testcase classname="day1.HTTPRequest" name="deleteUser" time="0.232"/>
  <system-out/>
</testsuite> <!-- day1.HTTPRequest -->
